0  1061548562506.5933  92702.92691332425  1061548655209.5201
1  813662030082.4174  602169.1997464268  813662632251.6171
2  626298051390.6772  625256.5445902481  626298676647.2218
3  484067668793.644  638685.2329936215  484068307478.87695
4  375645094326.3004  1038093.9409110947  375646132420.24133
5  292656050166.47485  1039914.7541392888  292657090081.229
6  228880787709.81674  1051180.0626903072  228881838889.87943
7  179679740065.64902  1061050.6531415577  179680801116.30215
8  141577546095.88388  1076998.8312400358  141578623094.71512
9  372370319309.0468  1085058.6927396315  372371404367.73956
10  326399538372.2355  1090643.2021390225  326400629015.4376
11  250679227722.9559  1124219.8301065597  250680351942.786
12  56637705095.89305  1133135.0948801292  56638838230.98793
13  45452107437.51475  1130707.9418737951  45453238145.45662
14  140657401522.71704  1136525.8494727754  140658538048.56653
15  119330329892.41153  1150291.362248947  119331480183.77377
16  93430455196.87991  1141875.9247329552  93431597072.80464
17  73403159390.59459  1136275.9635012974  73404295666.55809
18  15927319839.48644  1144747.7038594035  15928464587.1903
19  13054686061.897501  1133932.1438093095  13055819994.04131
20  43070079839.2983  1139129.8734068617  43071218969.17171
21  37057748457.11604  1146462.3147081314  37058894919.43075
22  29476347970.538433  1137667.8199407384  29477485638.358376
23  6064120069.634562  1160547.141712461  6065280616.776274
24  5057793700.228303  1132434.1193754745  5058926134.347678
25  17848504603.241753  1121570.8631893988  17849626174.104942
26  15829648226.316385  1132467.667311993  15830780693.983698
27  12757071722.78174  1121768.2417839533  12758193491.023523
28  2504083431.1880193  1137344.5258592712  2505220775.7138786
29  2127647341.6482332  1137020.5436788688  2128784362.191912
30  7916684525.578238  1135322.7663287388  7917819848.344566
31  7097381619.4086685  1155020.6310348667  7098536640.039703
32  5789503594.268784  1142616.687091233  5790646210.955874
33  1121041874.2431211  1143338.161411239  1122185212.4045324
34  973347796.2622254  1142490.4772707159  974490286.7394961
35  830208693.7303569  1139418.223900839  831348111.9542577
36  3391562137.4430003  1159443.331636367  3392721580.7746367
37  3100973807.190174  1158774.015052324  3102132581.2052264
38  2559174900.749074  1147343.5260588748  2560322244.2751327
39  468986649.2281428  1141667.5691603057  470128316.7973031
40  418487911.2237054  1150343.4246818833  419638254.6483873
41  361854110.5065537  1164209.6406165913  363018320.1471703
42  1597746055.1274993  1160605.1147345616  1598906660.242234
43  1478700147.94461  1156759.0118027546  1479856906.9564128
44  1241884022.8518386  1153806.3028787677  1243037829.1547174
45  216985509.42825577  1148942.9460238616  218134452.37427962
46  196592095.4587295  1144725.6840158037  197736821.14274532
47  168609826.54340717  1149507.1708164096  169759333.7142236
48  753436808.4083188  1138220.3520690226  754575028.7603878
49  711669623.2958868  1114626.8902002291  712784250.186087
50  601451861.4518191  1093234.8294732305  602545096.2812923
51  111612529.0089603  1096278.8434414812  112708807.8524018
52  104629635.30740449  1092322.3698560393  105721957.67726053
53  92979728.25297968  1064085.6080388715  94043813.86101855
54  366006912.2103198  1087633.606133549  367094545.81645334
55  345965593.70848453  1093217.7660640285  347058811.4745486
56  311967931.5100401  1064292.20541107  313032223.7154512
57  80366110.65847258  1064691.4299126042  81430802.08838518
58  75728043.31523925  1081374.6331184143  76809417.94835767
59  55937592.83326701  1091410.7599654282  57029003.59323244
60  196327687.55001253  1096369.3758145755  197424056.92582712
61  185995302.06308812  1072520.5978382714  187067822.6609264
62  160451584.3232286  1104304.903212938  161555889.22644153
63  38841694.813672885  1117764.8357783856  39959459.64945127
64  45864010.30367298  1125277.864664713  46989288.16833769
65  42447514.23029693  1105599.7771003956  43553114.00739733
66  114277550.13386454  1122031.4505094585  115399581.584374
67  100723776.08581214  1132324.6984390041  101856100.78425114
68  87803656.6057427  1114590.5039438033  88918247.1096865
69  25085027.227986943  1088056.6159831774  26173083.84397012
70  23928402.054175023  1096173.8629881486  25024575.91716317
71  27350421.35138831  1123824.6907251666  28474246.042113476
72  65977125.01694922  1121492.397933168  67098617.41488239
73  62467914.06956057  1117287.934197652  63585202.00375822
74  50951710.53507179  1080652.3801884889  52032362.91526028
75  17281888.058140684  1110963.399669213  18392851.457809895
76  16956558.526075818  1107015.3154732755  18063573.841549095
77  45718094609.8066  1120608.4542861325  45719215218.26089
78  40684232006.13931  1118492.3344255348  40685350498.47374
79  31605453348.953556  1117197.2996158365  31606570546.25317
80  24681204820.749363  1117225.0888146907  24682322045.838177
81  13361522.355196254  1119402.7858099102  14480925.141006164
82  11073177.022900565  1141551.0439187458  12214728.06681931
83  10266212.017528728  1072071.6268652526  11338283.64439398
84  22212368.775651366  1106139.244948631  23318508.020599995
85  14636691053.725185  1117981.9780390938  14637809035.703224
86  13620360656.971056  1090798.3333716681  13621451455.304428
87  10817484332.416533  1100791.580949838  10818585123.997482
88  14500721.28658047  1103946.044588189  15604667.331168659
89  12183935.013567645  1135101.1623914975  13319036.175959142
90  13696562.105743965  1081249.0938711679  14777811.199615132
91  13097857.033239022  1066984.1064012256  14164841.139640247
92  6338675585.044564  1055659.3279829165  6339731244.372547
93  6080575637.818086  1053730.9118709783  6081629368.729957
94  4900067405.620172  1036640.0658228833  4901104045.685994
95  6181324.215616978  1033694.4218936339  7215018.637510612
96  9701695.918414503  1056036.0253827756  10757731.94379728
97  9368730.726429611  1029908.7677035534  10398639.494133165
98  7725175.112369379  1037563.7234955459  8762738.835864926
99  4385249.616819306  1078668.1203262256  5463917.737145532
100  2821044994.610944  1100298.2212763482  2822145292.83222
101  2683004528.2167783  1064944.1425457099  2684069472.359324
102  2192319671.900669  1062801.4444928092  2193382473.345162
103  5592928.3007176025  1076638.3531597436  6669566.653877346
104  5545633.770216607  1080881.0202006828  6626514.790417289
105  10062445.822879778  1058867.6312062796  11121313.454086058
106  8723155.49807573  1065829.6193556993  9788985.117431428
107  7936370.017901955  1061842.1401632046  8998212.158065159
108  1186914028.2615237  1051764.187571229  1187965792.449095
109  1136824230.8983572  1052122.3378260136  1137876353.2361832
110  941703050.6302133  1033524.1746304547  942736574.8048437
111  4535799.795531395  1045582.3943025606  5581382.189833956
112  4578989.997271682  1046778.5103506176  5625768.5076223
113  2948311.2517263456  1020898.9896238392  3969210.2413501847
114  2800787.6581454193  1023861.9035532546  3824649.5616986738
115  2577637.9235244044  1025871.0507988663  3603508.974323271
116  2333487.2944909805  1046717.6265001636  3380204.920991144
117  2079105.6248655668  1053840.6023769046  3132946.2272424717
118  483015290.8745738  1054544.7653532848  484069835.6399271
119  471291148.2148838  1040646.3823694324  472331794.59725326
120  398297523.12360054  1013958.7765985058  399311481.90019906
121  4198616.02226358  991869.0762093652  5190485.098472945
122  3842175.5006513116  992704.734467459  4834880.235118771
123  1239408.4849817022  997685.5888874333  2237094.073869135
124  1134281.5294649578  1017992.0103642871  2152273.539829245
125  1159764.949652048  1022961.0109091001  2182725.960561148
126  1073149.250240874  1026747.0790621975  2099896.3293030714
127  989843.9426977412  1031694.5180736984  2021538.4607714396
128  898543.5161971278  1030421.764239294  1928965.2804364217
129  174233815.8322395  1029984.3531997207  175263800.18543923
130  172833877.03999585  1030899.0117468154  173864776.05174267
131  146917659.10632634  1040699.9126756554  147958359.019002
132  584340.5052029388  1037361.7849889788  1621702.2901919177
133  525936.6951989296  1037266.1496506318  1563202.8448495613
134  467793.4824706004  1027607.0870251048  1495400.5694957052
135  378598.5151347395  1020182.4212559385  1398780.936390678
136  333024.0553473824  1014025.0721949199  1347049.1275423022
137  284619.97569255275  1006748.7597641452  1291368.735456698
138  234203.28841156303  1001972.5171316665  1236175.8055432294
139  206462.44632539924  1001740.4754946386  1208202.9218200378
140  162950.77237822692  1001725.6894329605  1164676.4618111874
141  119826.84623968751  997263.9034477607  1117090.7496874481
142  77425.52836493973  994517.4474056804  1071942.9757706202
143  57311372.302324906  990159.4735459681  58301531.775870875
144  56973103.158751376  986729.7735535185  57959832.9323049
145  49020779.5655539  988711.9365957966  50009491.5021497
146  -45450.56271533638  982205.9309783485  936755.3682630121
147  -64961.75062567989  976451.7750574609  911490.024431781
148  -85234.4208261217  964363.7388977277  879129.318071606
149  25084634.156387944  954614.8190898318  26039248.975477777
150  27559252.529825673  947411.1682248107  28506663.698050484
151  -165223.28481958515  950459.4532250923  785236.1684055071
152  -188241.6086036466  949568.9721184729  761327.3635148263
153  -213003.06873939236  949948.0070012282  736944.9382618358
154  -239248.10994108507  952018.3504299559  712770.2404888708
155  -266670.0758120494  956050.9074979795  689380.83168593
156  -145311.8794480297  961776.3989850937  816464.519537064
157  -161560.18377721598  965006.5452436367  803446.3614664207
158  -180230.00974625416  957602.1235623762  777372.1138161221
159  -201791.21037277908  953319.9925909308  751528.7822181517
160  16212962.600630926  951388.032391995  17164350.63302292
161  16060999.77042478  952379.1168879175  17013378.887312695
162  13943877.830074951  961724.7485259331  14905602.578600883
163  -292858.6055680232  966304.8212495629  673446.2156815396
164  -313789.3416813771  969573.5174702008  655784.1757888237
165  444671.9678850292  962582.2190465588  1407254.186931588
166  12648413.318438796  956427.0132755738  13604840.33171437
167  13763581.645475412  923385.1486537134  14686966.794129126
168  12322635.854678497  929933.8618131536  13252569.71649165
169  11021901.035395307  930844.2044056966  11952745.239801005
170  225767.61174476318  923451.7450153354  1149219.3567600986
171  167035.74665684233  918355.2695732487  1085391.016230091
172  110725.6458352699  915322.2680960279  1026047.9139312978
173  56649.44125673733  915145.8615002943  971795.3027570316
174  4658.459060910414  917528.8213522793  922187.2804131897
175  -45200.9992004315  921613.7070642047  876412.7078637732
176  -91978.30480515475  922781.1410351401  830802.8362299853
177  -135762.2605610056  924596.62731204  788834.3667510344
178  -176518.6265312336  925562.8288755988  749044.2023443652
179  -214289.0227174095  925284.3428639601  710995.3201465505
180  -611408.8410461765  915240.4660813129  303831.62503513636
181  -621273.8924235675  914731.0660182161  293457.1735946486
182  -630607.0284238626  912645.5084455664  282038.48002170376
183  2875500.497827241  910642.864827548  3786143.3626547894
184  2823188.7717429623  908713.53337374  3731902.3051167023
185  2469154.480916498  914925.1378221713  3384079.6187386694
