17  39  9
17  39  10
17  39  11
17  39  12
17  39  13
17  39  14
17  40  9
17  40  10
17  40  11
17  40  12
17  40  13
17  40  14
17  41  9
17  41  10
17  41  11
17  41  12
17  41  13
17  41  14
17  42  9
17  42  10
17  42  11
17  42  12
17  42  13
17  42  14
17  43  9
17  43  10
17  43  11
17  43  12
17  43  13
17  43  14
17  44  9
17  44  10
17  44  11
17  44  12
17  44  13
17  44  14
17  45  9
17  45  10
17  45  11
17  45  12
17  45  13
17  45  14
17  46  9
17  46  10
17  46  11
17  46  12
17  46  13
17  46  14
17  47  9
17  47  10
17  47  11
17  47  12
17  47  13
17  47  14
17  48  9
17  48  10
17  48  11
17  48  12
17  48  13
17  48  14
17  49  9
17  49  10
17  49  11
17  49  12
17  49  13
17  49  14
17  50  9
17  50  10
17  50  11
17  50  12
17  50  13
17  50  14
18  39  9
18  39  10
18  39  11
18  39  12
18  39  13
18  39  14
18  40  9
18  40  10
18  40  11
18  40  12
18  40  13
18  40  14
18  41  9
18  41  10
18  41  11
18  41  12
18  41  13
18  41  14
18  42  9
18  42  10
18  42  11
18  42  12
18  42  13
18  42  14
18  43  9
18  43  10
18  43  11
18  43  12
18  43  13
18  43  14
18  44  9
18  44  10
18  44  11
18  44  12
18  44  13
18  44  14
18  45  9
18  45  10
18  45  11
18  45  12
18  45  13
18  45  14
18  46  9
18  46  10
18  46  11
18  46  12
18  46  13
18  46  14
18  47  9
18  47  10
18  47  11
18  47  12
18  47  13
18  47  14
18  48  9
18  48  10
18  48  11
18  48  12
18  48  13
18  48  14
18  49  9
18  49  10
18  49  11
18  49  12
18  49  13
18  49  14
18  50  9
18  50  10
18  50  11
18  50  12
18  50  13
18  50  14
19  39  9
19  39  10
19  39  11
19  39  12
19  39  13
19  39  14
19  40  9
19  40  10
19  40  11
19  40  12
19  40  13
19  40  14
19  41  9
19  41  10
19  41  11
19  41  12
19  41  13
19  41  14
19  42  9
19  42  10
19  42  11
19  42  12
19  42  13
19  42  14
19  43  9
19  43  10
19  43  11
19  43  12
19  43  13
19  43  14
19  44  9
19  44  10
19  44  11
19  44  12
19  44  13
19  44  14
19  45  9
19  45  10
19  45  11
19  45  12
19  45  13
19  45  14
19  46  9
19  46  10
19  46  11
19  46  12
19  46  13
19  46  14
19  47  9
19  47  10
19  47  11
19  47  12
19  47  13
19  47  14
19  48  9
19  48  10
19  48  11
19  48  12
19  48  13
19  48  14
19  49  9
19  49  10
19  49  11
19  49  12
19  49  13
19  49  14
19  50  9
19  50  10
19  50  11
19  50  12
19  50  13
19  50  14
20  39  9
20  39  10
20  39  11
20  39  12
20  39  13
20  39  14
20  40  9
20  40  10
20  40  11
20  40  12
20  40  13
20  40  14
20  41  9
20  41  10
20  41  11
20  41  12
20  41  13
20  41  14
20  42  9
20  42  10
20  42  11
20  42  12
20  42  13
20  42  14
20  43  9
20  43  10
20  43  11
20  43  12
20  43  13
20  43  14
20  44  9
20  44  10
20  44  11
20  44  12
20  44  13
20  44  14
20  45  9
20  45  10
20  45  11
20  45  12
20  45  13
20  45  14
20  46  9
20  46  10
20  46  11
20  46  12
20  46  13
20  46  14
20  47  9
20  47  10
20  47  11
20  47  12
20  47  13
20  47  14
20  48  9
20  48  10
20  48  11
20  48  12
20  48  13
20  48  14
20  49  9
20  49  10
20  49  11
20  49  12
20  49  13
20  49  14
20  50  9
20  50  10
20  50  11
20  50  12
20  50  13
20  50  14
21  39  9
21  39  10
21  39  11
21  39  12
21  39  13
21  39  14
21  40  9
21  40  10
21  40  11
21  40  12
21  40  13
21  40  14
21  41  9
21  41  10
21  41  11
21  41  12
21  41  13
21  41  14
21  42  9
21  42  10
21  42  11
21  42  12
21  42  13
21  42  14
21  43  9
21  43  10
21  43  11
21  43  12
21  43  13
21  43  14
21  44  9
21  44  10
21  44  11
21  44  12
21  44  13
21  44  14
21  45  9
21  45  10
21  45  11
21  45  12
21  45  13
21  45  14
21  46  9
21  46  10
21  46  11
21  46  12
21  46  13
21  46  14
21  47  9
21  47  10
21  47  11
21  47  12
21  47  13
21  47  14
21  48  9
21  48  10
21  48  11
21  48  12
21  48  13
21  48  14
21  49  9
21  49  10
21  49  11
21  49  12
21  49  13
21  49  14
21  50  9
21  50  10
21  50  11
21  50  12
21  50  13
21  50  14
22  39  9
22  39  10
22  39  11
22  39  12
22  39  13
22  39  14
22  40  9
22  40  10
22  40  11
22  40  12
22  40  13
22  40  14
22  41  9
22  41  10
22  41  11
22  41  12
22  41  13
22  41  14
22  42  9
22  42  10
22  42  11
22  42  12
22  42  13
22  42  14
22  43  9
22  43  10
22  43  11
22  43  12
22  43  13
22  43  14
22  44  9
22  44  10
22  44  11
22  44  12
22  44  13
22  44  14
22  45  9
22  45  10
22  45  11
22  45  12
22  45  13
22  45  14
22  46  9
22  46  10
22  46  11
22  46  12
22  46  13
22  46  14
22  47  9
22  47  10
22  47  11
22  47  12
22  47  13
22  47  14
22  48  9
22  48  10
22  48  11
22  48  12
22  48  13
22  48  14
22  49  9
22  49  10
22  49  11
22  49  12
22  49  13
22  49  14
22  50  9
22  50  10
22  50  11
22  50  12
22  50  13
22  50  14
23  39  9
23  39  10
23  39  11
23  39  12
23  39  13
23  39  14
23  40  9
23  40  10
23  40  11
23  40  12
23  40  13
23  40  14
23  41  9
23  41  10
23  41  11
23  41  12
23  41  13
23  41  14
23  42  9
23  42  10
23  42  11
23  42  12
23  42  13
23  42  14
23  43  9
23  43  10
23  43  11
23  43  12
23  43  13
23  43  14
23  44  9
23  44  10
23  44  11
23  44  12
23  44  13
23  44  14
23  45  9
23  45  10
23  45  11
23  45  12
23  45  13
23  45  14
23  46  9
23  46  10
23  46  11
23  46  12
23  46  13
23  46  14
23  47  9
23  47  10
23  47  11
23  47  12
23  47  13
23  47  14
23  48  9
23  48  10
23  48  11
23  48  12
23  48  13
23  48  14
23  49  9
23  49  10
23  49  11
23  49  12
23  49  13
23  49  14
23  50  9
23  50  10
23  50  11
23  50  12
23  50  13
23  50  14
24  39  9
24  39  10
24  39  11
24  39  12
24  39  13
24  39  14
24  40  9
24  40  10
24  40  11
24  40  12
24  40  13
24  40  14
24  41  9
24  41  10
24  41  11
24  41  12
24  41  13
24  41  14
24  42  9
24  42  10
24  42  11
24  42  12
24  42  13
24  42  14
24  43  9
24  43  10
24  43  11
24  43  12
24  43  13
24  43  14
24  44  9
24  44  10
24  44  11
24  44  12
24  44  13
24  44  14
24  45  9
24  45  10
24  45  11
24  45  12
24  45  13
24  45  14
24  46  9
24  46  10
24  46  11
24  46  12
24  46  13
24  46  14
24  47  9
24  47  10
24  47  11
24  47  12
24  47  13
24  47  14
24  48  9
24  48  10
24  48  11
24  48  12
24  48  13
24  48  14
24  49  9
24  49  10
24  49  11
24  49  12
24  49  13
24  49  14
24  50  9
24  50  10
24  50  11
24  50  12
24  50  13
24  50  14
25  39  9
25  39  10
25  39  11
25  39  12
25  39  13
25  39  14
25  40  9
25  40  10
25  40  11
25  40  12
25  40  13
25  40  14
25  41  9
25  41  10
25  41  11
25  41  12
25  41  13
25  41  14
25  42  9
25  42  10
25  42  11
25  42  12
25  42  13
25  42  14
25  43  9
25  43  10
25  43  11
25  43  12
25  43  13
25  43  14
25  44  9
25  44  10
25  44  11
25  44  12
25  44  13
25  44  14
25  45  9
25  45  10
25  45  11
25  45  12
25  45  13
25  45  14
25  46  9
25  46  10
25  46  11
25  46  12
25  46  13
25  46  14
25  47  9
25  47  10
25  47  11
25  47  12
25  47  13
25  47  14
25  48  9
25  48  10
25  48  11
25  48  12
25  48  13
25  48  14
25  49  9
25  49  10
25  49  11
25  49  12
25  49  13
25  49  14
25  50  9
25  50  10
25  50  11
25  50  12
25  50  13
25  50  14
26  39  9
26  39  10
26  39  11
26  39  12
26  39  13
26  39  14
26  40  9
26  40  10
26  40  11
26  40  12
26  40  13
26  40  14
26  41  9
26  41  10
26  41  11
26  41  12
26  41  13
26  41  14
26  42  9
26  42  10
26  42  11
26  42  12
26  42  13
26  42  14
26  43  9
26  43  10
26  43  11
26  43  12
26  43  13
26  43  14
26  44  9
26  44  10
26  44  11
26  44  12
26  44  13
26  44  14
26  45  9
26  45  10
26  45  11
26  45  12
26  45  13
26  45  14
26  46  9
26  46  10
26  46  11
26  46  12
26  46  13
26  46  14
26  47  9
26  47  10
26  47  11
26  47  12
26  47  13
26  47  14
26  48  9
26  48  10
26  48  11
26  48  12
26  48  13
26  48  14
26  49  9
26  49  10
26  49  11
26  49  12
26  49  13
26  49  14
26  50  9
26  50  10
26  50  11
26  50  12
26  50  13
26  50  14
27  39  9
27  39  10
27  39  11
27  39  12
27  39  13
27  39  14
27  40  9
27  40  10
27  40  11
27  40  12
27  40  13
27  40  14
27  41  9
27  41  10
27  41  11
27  41  12
27  41  13
27  41  14
27  42  9
27  42  10
27  42  11
27  42  12
27  42  13
27  42  14
27  43  9
27  43  10
27  43  11
27  43  12
27  43  13
27  43  14
27  44  9
27  44  10
27  44  11
27  44  12
27  44  13
27  44  14
27  45  9
27  45  10
27  45  11
27  45  12
27  45  13
27  45  14
27  46  9
27  46  10
27  46  11
27  46  12
27  46  13
27  46  14
27  47  9
27  47  10
27  47  11
27  47  12
27  47  13
27  47  14
27  48  9
27  48  10
27  48  11
27  48  12
27  48  13
27  48  14
27  49  9
27  49  10
27  49  11
27  49  12
27  49  13
27  49  14
27  50  9
27  50  10
27  50  11
27  50  12
27  50  13
27  50  14
28  39  9
28  39  10
28  39  11
28  39  12
28  39  13
28  39  14
28  40  9
28  40  10
28  40  11
28  40  12
28  40  13
28  40  14
28  41  9
28  41  10
28  41  11
28  41  12
28  41  13
28  41  14
28  42  9
28  42  10
28  42  11
28  42  12
28  42  13
28  42  14
28  43  9
28  43  10
28  43  11
28  43  12
28  43  13
28  43  14
28  44  9
28  44  10
28  44  11
28  44  12
28  44  13
28  44  14
28  45  9
28  45  10
28  45  11
28  45  12
28  45  13
28  45  14
28  46  9
28  46  10
28  46  11
28  46  12
28  46  13
28  46  14
28  47  9
28  47  10
28  47  11
28  47  12
28  47  13
28  47  14
28  48  9
28  48  10
28  48  11
28  48  12
28  48  13
28  48  14
28  49  9
28  49  10
28  49  11
28  49  12
28  49  13
28  49  14
28  50  9
28  50  10
28  50  11
28  50  12
28  50  13
28  50  14
33  5  1
33  5  3
33  5  4
33  5  5
33  5  9
33  5  10
33  5  11
33  5  12
33  5  13
33  5  14
33  6  9
33  6  10
33  6  11
33  6  12
33  6  13
33  6  14
33  7  9
33  7  10
33  7  11
33  7  12
33  7  13
33  7  14
33  8  9
33  8  10
33  8  11
33  8  12
33  8  13
33  8  14
33  9  9
33  9  10
33  9  11
33  9  12
33  9  13
33  9  14
33  10  9
33  10  10
33  10  11
33  10  12
33  10  13
33  10  14
33  11  9
33  11  10
33  11  11
33  11  12
33  11  13
33  11  14
33  12  9
33  12  10
33  12  11
33  12  12
33  12  13
33  12  14
33  13  9
33  13  10
33  13  11
33  13  12
33  13  13
33  13  14
33  14  9
33  14  10
33  14  11
33  14  12
33  14  13
33  14  14
33  15  9
33  15  10
33  15  11
33  15  12
33  15  13
33  15  14
33  16  9
33  16  10
33  16  11
33  16  12
33  16  13
33  16  14
33  17  9
33  17  10
33  17  11
33  17  12
33  17  13
33  17  14
34  5  2
34  5  5
34  5  9
34  5  10
34  5  11
34  5  12
34  5  13
34  5  14
34  6  9
34  6  10
34  6  11
34  6  12
34  6  13
34  6  14
34  7  9
34  7  10
34  7  11
34  7  12
34  7  13
34  7  14
34  8  9
34  8  10
34  8  11
34  8  12
34  8  13
34  8  14
34  9  9
34  9  10
34  9  11
34  9  12
34  9  13
34  9  14
34  10  9
34  10  10
34  10  11
34  10  12
34  10  13
34  10  14
34  11  9
34  11  10
34  11  11
34  11  12
34  11  13
34  11  14
34  12  9
34  12  10
34  12  11
34  12  12
34  12  13
34  12  14
34  13  9
34  13  10
34  13  11
34  13  12
34  13  13
34  13  14
34  14  9
34  14  10
34  14  11
34  14  12
34  14  13
34  14  14
34  15  9
34  15  10
34  15  11
34  15  12
34  15  13
34  15  14
34  16  9
34  16  10
34  16  11
34  16  12
34  16  13
34  16  14
34  17  9
34  17  10
34  17  11
34  17  12
34  17  13
34  17  14
34  44  18
34  44  19
34  44  20
34  44  21
34  44  22
34  44  23
34  45  18
34  45  19
34  45  20
34  45  21
34  45  22
34  45  23
34  46  18
34  46  19
34  46  20
34  46  21
34  46  22
34  46  23
34  47  18
34  47  19
34  47  20
34  47  21
34  47  22
34  47  23
34  48  18
34  48  19
34  48  20
34  48  21
34  48  22
34  48  23
34  49  18
34  49  19
34  49  20
34  49  21
34  49  22
34  49  23
34  50  18
34  50  19
34  50  20
34  50  21
34  50  22
34  50  23
34  51  18
34  51  19
34  51  20
34  51  21
34  51  22
34  51  23
34  52  18
34  52  19
34  52  20
34  52  21
34  52  22
34  52  23
34  53  18
34  53  19
34  53  20
34  53  21
34  53  22
34  53  23
34  54  18
34  54  19
34  54  20
34  54  21
34  54  22
34  54  23
34  55  18
34  55  19
34  55  20
34  55  21
34  55  22
34  55  23
35  5  0
35  5  8
35  5  9
35  5  10
35  5  11
35  5  12
35  5  13
35  5  14
35  6  9
35  6  10
35  6  11
35  6  12
35  6  13
35  6  14
35  7  9
35  7  10
35  7  11
35  7  12
35  7  13
35  7  14
35  8  9
35  8  10
35  8  11
35  8  12
35  8  13
35  8  14
35  9  9
35  9  10
35  9  11
35  9  12
35  9  13
35  9  14
35  10  9
35  10  10
35  10  11
35  10  12
35  10  13
35  10  14
35  11  9
35  11  10
35  11  11
35  11  12
35  11  13
35  11  14
35  12  9
35  12  10
35  12  11
35  12  12
35  12  13
35  12  14
35  13  9
35  13  10
35  13  11
35  13  12
35  13  13
35  13  14
35  14  9
35  14  10
35  14  11
35  14  12
35  14  13
35  14  14
35  15  9
35  15  10
35  15  11
35  15  12
35  15  13
35  15  14
35  16  9
35  16  10
35  16  11
35  16  12
35  16  13
35  16  14
35  17  9
35  17  10
35  17  11
35  17  12
35  17  13
35  17  14
35  44  18
35  44  19
35  44  20
35  44  21
35  44  22
35  44  23
35  45  18
35  45  19
35  45  20
35  45  21
35  45  22
35  45  23
35  46  18
35  46  19
35  46  20
35  46  21
35  46  22
35  46  23
35  47  18
35  47  19
35  47  20
35  47  21
35  47  22
35  47  23
35  48  18
35  48  19
35  48  20
35  48  21
35  48  22
35  48  23
35  49  18
35  49  19
35  49  20
35  49  21
35  49  22
35  49  23
35  50  18
35  50  19
35  50  20
35  50  21
35  50  22
35  50  23
35  51  18
35  51  19
35  51  20
35  51  21
35  51  22
35  51  23
35  52  15
35  52  16
35  52  17
35  52  18
35  52  19
35  52  20
35  52  21
35  52  22
35  52  23
35  53  15
35  53  16
35  53  17
35  53  18
35  53  19
35  53  20
35  53  21
35  53  22
35  53  23
35  54  15
35  54  16
35  54  17
35  54  18
35  54  19
35  54  20
35  54  21
35  54  22
35  54  23
35  55  15
35  55  16
35  55  17
35  55  18
35  55  19
35  55  20
35  55  21
35  55  22
35  55  23
35  56  15
35  56  16
35  56  17
35  56  18
35  56  19
35  56  20
35  57  15
35  57  16
35  57  17
35  57  18
35  57  19
35  57  20
35  58  15
35  58  16
35  58  17
35  58  18
35  58  19
35  58  20
35  59  15
35  59  16
35  59  17
35  59  18
35  59  19
35  59  20
36  5  0
36  5  4
36  5  5
36  5  9
36  5  10
36  5  11
36  5  12
36  5  13
36  5  14
36  6  9
36  6  10
36  6  11
36  6  12
36  6  13
36  6  14
36  7  9
36  7  10
36  7  11
36  7  12
36  7  13
36  7  14
36  8  9
36  8  10
36  8  11
36  8  12
36  8  13
36  8  14
36  9  9
36  9  10
36  9  11
36  9  12
36  9  13
36  9  14
36  10  9
36  10  10
36  10  11
36  10  12
36  10  13
36  10  14
36  11  9
36  11  10
36  11  11
36  11  12
36  11  13
36  11  14
36  12  9
36  12  10
36  12  11
36  12  12
36  12  13
36  12  14
36  13  9
36  13  10
36  13  11
36  13  12
36  13  13
36  13  14
36  14  9
36  14  10
36  14  11
36  14  12
36  14  13
36  14  14
36  15  9
36  15  10
36  15  11
36  15  12
36  15  13
36  15  14
36  16  9
36  16  10
36  16  11
36  16  12
36  16  13
36  16  14
36  17  9
36  17  10
36  17  11
36  17  12
36  17  13
36  17  14
36  44  18
36  44  19
36  44  20
36  44  21
36  44  22
36  44  23
36  45  18
36  45  19
36  45  20
36  45  21
36  45  22
36  45  23
36  46  18
36  46  19
36  46  20
36  46  21
36  46  22
36  46  23
36  47  18
36  47  19
36  47  20
36  47  21
36  47  22
36  47  23
36  48  18
36  48  19
36  48  20
36  48  21
36  48  22
36  48  23
36  49  18
36  49  19
36  49  20
36  49  21
36  49  22
36  49  23
36  50  18
36  50  19
36  50  20
36  50  21
36  50  22
36  50  23
36  51  18
36  51  19
36  51  20
36  51  21
36  51  22
36  51  23
36  52  15
36  52  16
36  52  17
36  52  18
36  52  19
36  52  20
36  52  21
36  52  22
36  52  23
36  53  15
36  53  16
36  53  17
36  53  18
36  53  19
36  53  20
36  53  21
36  53  22
36  53  23
36  54  15
36  54  16
36  54  17
36  54  18
36  54  19
36  54  20
36  54  21
36  54  22
36  54  23
36  55  15
36  55  16
36  55  17
36  55  18
36  55  19
36  55  20
36  55  21
36  55  22
36  55  23
36  56  15
36  56  16
36  56  17
36  56  18
36  56  19
36  56  20
36  57  15
36  57  16
36  57  17
36  57  18
36  57  19
36  57  20
36  58  15
36  58  16
36  58  17
36  58  18
36  58  19
36  58  20
36  59  15
36  59  16
36  59  17
36  59  18
36  59  19
36  59  20
37  5  3
37  5  9
37  5  10
37  5  11
37  5  12
37  5  13
37  5  14
37  6  9
37  6  10
37  6  11
37  6  12
37  6  13
37  6  14
37  7  9
37  7  10
37  7  11
37  7  12
37  7  13
37  7  14
37  8  9
37  8  10
37  8  11
37  8  12
37  8  13
37  8  14
37  9  9
37  9  10
37  9  11
37  9  12
37  9  13
37  9  14
37  10  9
37  10  10
37  10  11
37  10  12
37  10  13
37  10  14
37  11  9
37  11  10
37  11  11
37  11  12
37  11  13
37  11  14
37  12  9
37  12  10
37  12  11
37  12  12
37  12  13
37  12  14
37  13  9
37  13  10
37  13  11
37  13  12
37  13  13
37  13  14
37  14  9
37  14  10
37  14  11
37  14  12
37  14  13
37  14  14
37  15  9
37  15  10
37  15  11
37  15  12
37  15  13
37  15  14
37  16  9
37  16  10
37  16  11
37  16  12
37  16  13
37  16  14
37  17  9
37  17  10
37  17  11
37  17  12
37  17  13
37  17  14
37  44  18
37  44  19
37  44  20
37  44  21
37  44  22
37  44  23
37  45  18
37  45  19
37  45  20
37  45  21
37  45  22
37  45  23
37  46  18
37  46  19
37  46  20
37  46  21
37  46  22
37  46  23
37  47  18
37  47  19
37  47  20
37  47  21
37  47  22
37  47  23
37  48  18
37  48  19
37  48  20
37  48  21
37  48  22
37  48  23
37  49  18
37  49  19
37  49  20
37  49  21
37  49  22
37  49  23
37  50  18
37  50  19
37  50  20
37  50  21
37  50  22
37  50  23
37  51  18
37  51  19
37  51  20
37  51  21
37  51  22
37  51  23
37  52  15
37  52  16
37  52  17
37  52  18
37  52  19
37  52  20
37  52  21
37  52  22
37  52  23
37  53  15
37  53  16
37  53  17
37  53  18
37  53  19
37  53  20
37  53  21
37  53  22
37  53  23
37  54  15
37  54  16
37  54  17
37  54  18
37  54  19
37  54  20
37  54  21
37  54  22
37  54  23
37  55  15
37  55  16
37  55  17
37  55  18
37  55  19
37  55  20
37  55  21
37  55  22
37  55  23
37  56  15
37  56  16
37  56  17
37  56  18
37  56  19
37  56  20
37  57  15
37  57  16
37  57  17
37  57  18
37  57  19
37  57  20
37  58  15
37  58  16
37  58  17
37  58  18
37  58  19
37  58  20
37  59  15
37  59  16
37  59  17
37  59  18
37  59  19
37  59  20
38  5  0
38  5  1
38  5  5
38  5  9
38  5  10
38  5  11
38  5  12
38  5  13
38  5  14
38  6  9
38  6  10
38  6  11
38  6  12
38  6  13
38  6  14
38  7  9
38  7  10
38  7  11
38  7  12
38  7  13
38  7  14
38  8  9
38  8  10
38  8  11
38  8  12
38  8  13
38  8  14
38  9  9
38  9  10
38  9  11
38  9  12
38  9  13
38  9  14
38  10  9
38  10  10
38  10  11
38  10  12
38  10  13
38  10  14
38  11  9
38  11  10
38  11  11
38  11  12
38  11  13
38  11  14
38  12  9
38  12  10
38  12  11
38  12  12
38  12  13
38  12  14
38  13  9
38  13  10
38  13  11
38  13  12
38  13  13
38  13  14
38  14  9
38  14  10
38  14  11
38  14  12
38  14  13
38  14  14
38  15  9
38  15  10
38  15  11
38  15  12
38  15  13
38  15  14
38  16  9
38  16  10
38  16  11
38  16  12
38  16  13
38  16  14
38  17  9
38  17  10
38  17  11
38  17  12
38  17  13
38  17  14
38  44  18
38  44  19
38  44  20
38  44  21
38  44  22
38  44  23
38  45  18
38  45  19
38  45  20
38  45  21
38  45  22
38  45  23
38  46  18
38  46  19
38  46  20
38  46  21
38  46  22
38  46  23
38  47  18
38  47  19
38  47  20
38  47  21
38  47  22
38  47  23
38  48  18
38  48  19
38  48  20
38  48  21
38  48  22
38  48  23
38  49  18
38  49  19
38  49  20
38  49  21
38  49  22
38  49  23
38  50  18
38  50  19
38  50  20
38  50  21
38  50  22
38  50  23
38  51  18
38  51  19
38  51  20
38  51  21
38  51  22
38  51  23
38  52  15
38  52  16
38  52  17
38  52  18
38  52  19
38  52  20
38  52  21
38  52  22
38  52  23
38  53  15
38  53  16
38  53  17
38  53  18
38  53  19
38  53  20
38  53  21
38  53  22
38  53  23
38  54  15
38  54  16
38  54  17
38  54  18
38  54  19
38  54  20
38  54  21
38  54  22
38  54  23
38  55  15
38  55  16
38  55  17
38  55  18
38  55  19
38  55  20
38  55  21
38  55  22
38  55  23
38  56  15
38  56  16
38  56  17
38  56  18
38  56  19
38  56  20
38  57  15
38  57  16
38  57  17
38  57  18
38  57  19
38  57  20
38  58  15
38  58  16
38  58  17
38  58  18
38  58  19
38  58  20
38  59  15
38  59  16
38  59  17
38  59  18
38  59  19
38  59  20
39  5  0
39  5  5
39  5  9
39  5  10
39  5  11
39  5  12
39  5  13
39  5  14
39  6  9
39  6  10
39  6  11
39  6  12
39  6  13
39  6  14
39  7  9
39  7  10
39  7  11
39  7  12
39  7  13
39  7  14
39  8  9
39  8  10
39  8  11
39  8  12
39  8  13
39  8  14
39  9  9
39  9  10
39  9  11
39  9  12
39  9  13
39  9  14
39  10  9
39  10  10
39  10  11
39  10  12
39  10  13
39  10  14
39  11  9
39  11  10
39  11  11
39  11  12
39  11  13
39  11  14
39  12  9
39  12  10
39  12  11
39  12  12
39  12  13
39  12  14
39  13  9
39  13  10
39  13  11
39  13  12
39  13  13
39  13  14
39  14  9
39  14  10
39  14  11
39  14  12
39  14  13
39  14  14
39  15  9
39  15  10
39  15  11
39  15  12
39  15  13
39  15  14
39  16  9
39  16  10
39  16  11
39  16  12
39  16  13
39  16  14
39  17  9
39  17  10
39  17  11
39  17  12
39  17  13
39  17  14
39  44  18
39  44  19
39  44  20
39  44  21
39  44  22
39  44  23
39  45  18
39  45  19
39  45  20
39  45  21
39  45  22
39  45  23
39  46  18
39  46  19
39  46  20
39  46  21
39  46  22
39  46  23
39  47  18
39  47  19
39  47  20
39  47  21
39  47  22
39  47  23
39  48  18
39  48  19
39  48  20
39  48  21
39  48  22
39  48  23
39  49  18
39  49  19
39  49  20
39  49  21
39  49  22
39  49  23
39  50  18
39  50  19
39  50  20
39  50  21
39  50  22
39  50  23
39  51  18
39  51  19
39  51  20
39  51  21
39  51  22
39  51  23
39  52  15
39  52  16
39  52  17
39  52  18
39  52  19
39  52  20
39  52  21
39  52  22
39  52  23
39  53  15
39  53  16
39  53  17
39  53  18
39  53  19
39  53  20
39  53  21
39  53  22
39  53  23
39  54  15
39  54  16
39  54  17
39  54  18
39  54  19
39  54  20
39  54  21
39  54  22
39  54  23
39  55  15
39  55  16
39  55  17
39  55  18
39  55  19
39  55  20
39  55  21
39  55  22
39  55  23
39  56  15
39  56  16
39  56  17
39  56  18
39  56  19
39  56  20
39  57  15
39  57  16
39  57  17
39  57  18
39  57  19
39  57  20
39  58  15
39  58  16
39  58  17
39  58  18
39  58  19
39  58  20
39  59  15
39  59  16
39  59  17
39  59  18
39  59  19
39  59  20
40  5  1
40  5  4
40  5  9
40  5  10
40  5  11
40  5  12
40  5  13
40  5  14
40  6  9
40  6  10
40  6  11
40  6  12
40  6  13
40  6  14
40  7  9
40  7  10
40  7  11
40  7  12
40  7  13
40  7  14
40  8  9
40  8  10
40  8  11
40  8  12
40  8  13
40  8  14
40  9  9
40  9  10
40  9  11
40  9  12
40  9  13
40  9  14
40  10  9
40  10  10
40  10  11
40  10  12
40  10  13
40  10  14
40  11  9
40  11  10
40  11  11
40  11  12
40  11  13
40  11  14
40  12  9
40  12  10
40  12  11
40  12  12
40  12  13
40  12  14
40  13  9
40  13  10
40  13  11
40  13  12
40  13  13
40  13  14
40  14  9
40  14  10
40  14  11
40  14  12
40  14  13
40  14  14
40  15  9
40  15  10
40  15  11
40  15  12
40  15  13
40  15  14
40  16  9
40  16  10
40  16  11
40  16  12
40  16  13
40  16  14
40  17  9
40  17  10
40  17  11
40  17  12
40  17  13
40  17  14
40  44  18
40  44  19
40  44  20
40  44  21
40  44  22
40  44  23
40  45  18
40  45  19
40  45  20
40  45  21
40  45  22
40  45  23
40  46  18
40  46  19
40  46  20
40  46  21
40  46  22
40  46  23
40  47  18
40  47  19
40  47  20
40  47  21
40  47  22
40  47  23
40  48  18
40  48  19
40  48  20
40  48  21
40  48  22
40  48  23
40  49  18
40  49  19
40  49  20
40  49  21
40  49  22
40  49  23
40  50  18
40  50  19
40  50  20
40  50  21
40  50  22
40  50  23
40  51  18
40  51  19
40  51  20
40  51  21
40  51  22
40  51  23
40  52  15
40  52  16
40  52  17
40  52  18
40  52  19
40  52  20
40  52  21
40  52  22
40  52  23
40  53  15
40  53  16
40  53  17
40  53  18
40  53  19
40  53  20
40  53  21
40  53  22
40  53  23
40  54  15
40  54  16
40  54  17
40  54  18
40  54  19
40  54  20
40  54  21
40  54  22
40  54  23
40  55  15
40  55  16
40  55  17
40  55  18
40  55  19
40  55  20
40  55  21
40  55  22
40  55  23
40  56  15
40  56  16
40  56  17
40  56  18
40  56  19
40  56  20
40  57  15
40  57  16
40  57  17
40  57  18
40  57  19
40  57  20
40  58  15
40  58  16
40  58  17
40  58  18
40  58  19
40  58  20
40  59  15
40  59  16
40  59  17
40  59  18
40  59  19
40  59  20
41  5  1
41  5  6
41  5  9
41  5  10
41  5  11
41  5  12
41  5  13
41  5  14
41  6  9
41  6  10
41  6  11
41  6  12
41  6  13
41  6  14
41  7  9
41  7  10
41  7  11
41  7  12
41  7  13
41  7  14
41  8  9
41  8  10
41  8  11
41  8  12
41  8  13
41  8  14
41  9  9
41  9  10
41  9  11
41  9  12
41  9  13
41  9  14
41  10  9
41  10  10
41  10  11
41  10  12
41  10  13
41  10  14
41  11  9
41  11  10
41  11  11
41  11  12
41  11  13
41  11  14
41  12  9
41  12  10
41  12  11
41  12  12
41  12  13
41  12  14
41  13  9
41  13  10
41  13  11
41  13  12
41  13  13
41  13  14
41  14  9
41  14  10
41  14  11
41  14  12
41  14  13
41  14  14
41  15  9
41  15  10
41  15  11
41  15  12
41  15  13
41  15  14
41  16  9
41  16  10
41  16  11
41  16  12
41  16  13
41  16  14
41  17  9
41  17  10
41  17  11
41  17  12
41  17  13
41  17  14
41  44  18
41  44  19
41  44  20
41  44  21
41  44  22
41  44  23
41  45  18
41  45  19
41  45  20
41  45  21
41  45  22
41  45  23
41  46  18
41  46  19
41  46  20
41  46  21
41  46  22
41  46  23
41  47  18
41  47  19
41  47  20
41  47  21
41  47  22
41  47  23
41  48  18
41  48  19
41  48  20
41  48  21
41  48  22
41  48  23
41  49  18
41  49  19
41  49  20
41  49  21
41  49  22
41  49  23
41  50  18
41  50  19
41  50  20
41  50  21
41  50  22
41  50  23
41  51  18
41  51  19
41  51  20
41  51  21
41  51  22
41  51  23
41  52  15
41  52  16
41  52  17
41  52  18
41  52  19
41  52  20
41  52  21
41  52  22
41  52  23
41  53  15
41  53  16
41  53  17
41  53  18
41  53  19
41  53  20
41  53  21
41  53  22
41  53  23
41  54  15
41  54  16
41  54  17
41  54  18
41  54  19
41  54  20
41  54  21
41  54  22
41  54  23
41  55  15
41  55  16
41  55  17
41  55  18
41  55  19
41  55  20
41  55  21
41  55  22
41  55  23
41  56  15
41  56  16
41  56  17
41  56  18
41  56  19
41  56  20
41  57  15
41  57  16
41  57  17
41  57  18
41  57  19
41  57  20
41  58  15
41  58  16
41  58  17
41  58  18
41  58  19
41  58  20
41  59  15
41  59  16
41  59  17
41  59  18
41  59  19
41  59  20
42  5  6
42  5  9
42  5  10
42  5  11
42  5  12
42  5  13
42  5  14
42  6  9
42  6  10
42  6  11
42  6  12
42  6  13
42  6  14
42  7  9
42  7  10
42  7  11
42  7  12
42  7  13
42  7  14
42  8  9
42  8  10
42  8  11
42  8  12
42  8  13
42  8  14
42  9  9
42  9  10
42  9  11
42  9  12
42  9  13
42  9  14
42  10  9
42  10  10
42  10  11
42  10  12
42  10  13
42  10  14
42  11  9
42  11  10
42  11  11
42  11  12
42  11  13
42  11  14
42  12  9
42  12  10
42  12  11
42  12  12
42  12  13
42  12  14
42  13  9
42  13  10
42  13  11
42  13  12
42  13  13
42  13  14
42  14  9
42  14  10
42  14  11
42  14  12
42  14  13
42  14  14
42  15  9
42  15  10
42  15  11
42  15  12
42  15  13
42  15  14
42  16  9
42  16  10
42  16  11
42  16  12
42  16  13
42  16  14
42  17  9
42  17  10
42  17  11
42  17  12
42  17  13
42  17  14
42  44  18
42  44  19
42  44  20
42  44  21
42  44  22
42  44  23
42  45  18
42  45  19
42  45  20
42  45  21
42  45  22
42  45  23
42  46  18
42  46  19
42  46  20
42  46  21
42  46  22
42  46  23
42  47  18
42  47  19
42  47  20
42  47  21
42  47  22
42  47  23
42  48  18
42  48  19
42  48  20
42  48  21
42  48  22
42  48  23
42  49  18
42  49  19
42  49  20
42  49  21
42  49  22
42  49  23
42  50  18
42  50  19
42  50  20
42  50  21
42  50  22
42  50  23
42  51  18
42  51  19
42  51  20
42  51  21
42  51  22
42  51  23
42  52  15
42  52  16
42  52  17
42  52  18
42  52  19
42  52  20
42  52  21
42  52  22
42  52  23
42  53  15
42  53  16
42  53  17
42  53  18
42  53  19
42  53  20
42  53  21
42  53  22
42  53  23
42  54  15
42  54  16
42  54  17
42  54  18
42  54  19
42  54  20
42  54  21
42  54  22
42  54  23
42  55  15
42  55  16
42  55  17
42  55  18
42  55  19
42  55  20
42  55  21
42  55  22
42  55  23
42  56  15
42  56  16
42  56  17
42  56  18
42  56  19
42  56  20
42  57  15
42  57  16
42  57  17
42  57  18
42  57  19
42  57  20
42  58  15
42  58  16
42  58  17
42  58  18
42  58  19
42  58  20
42  59  15
42  59  16
42  59  17
42  59  18
42  59  19
42  59  20
43  5  0
43  5  5
43  5  7
43  5  9
43  5  10
43  5  11
43  5  12
43  5  13
43  5  14
43  6  9
43  6  10
43  6  11
43  6  12
43  6  13
43  6  14
43  7  9
43  7  10
43  7  11
43  7  12
43  7  13
43  7  14
43  8  9
43  8  10
43  8  11
43  8  12
43  8  13
43  8  14
43  9  9
43  9  10
43  9  11
43  9  12
43  9  13
43  9  14
43  10  9
43  10  10
43  10  11
43  10  12
43  10  13
43  10  14
43  11  9
43  11  10
43  11  11
43  11  12
43  11  13
43  11  14
43  12  9
43  12  10
43  12  11
43  12  12
43  12  13
43  12  14
43  13  9
43  13  10
43  13  11
43  13  12
43  13  13
43  13  14
43  14  9
43  14  10
43  14  11
43  14  12
43  14  13
43  14  14
43  15  9
43  15  10
43  15  11
43  15  12
43  15  13
43  15  14
43  16  9
43  16  10
43  16  11
43  16  12
43  16  13
43  16  14
43  17  9
43  17  10
43  17  11
43  17  12
43  17  13
43  17  14
43  44  18
43  44  19
43  44  20
43  44  21
43  44  22
43  44  23
43  45  18
43  45  19
43  45  20
43  45  21
43  45  22
43  45  23
43  46  18
43  46  19
43  46  20
43  46  21
43  46  22
43  46  23
43  47  18
43  47  19
43  47  20
43  47  21
43  47  22
43  47  23
43  48  18
43  48  19
43  48  20
43  48  21
43  48  22
43  48  23
43  49  18
43  49  19
43  49  20
43  49  21
43  49  22
43  49  23
43  50  18
43  50  19
43  50  20
43  50  21
43  50  22
43  50  23
43  51  18
43  51  19
43  51  20
43  51  21
43  51  22
43  51  23
43  52  15
43  52  16
43  52  17
43  52  18
43  52  19
43  52  20
43  52  21
43  52  22
43  52  23
43  53  15
43  53  16
43  53  17
43  53  18
43  53  19
43  53  20
43  53  21
43  53  22
43  53  23
43  54  15
43  54  16
43  54  17
43  54  18
43  54  19
43  54  20
43  54  21
43  54  22
43  54  23
43  55  15
43  55  16
43  55  17
43  55  18
43  55  19
43  55  20
43  55  21
43  55  22
43  55  23
43  56  15
43  56  16
43  56  17
43  56  18
43  56  19
43  56  20
43  57  15
43  57  16
43  57  17
43  57  18
43  57  19
43  57  20
43  58  15
43  58  16
43  58  17
43  58  18
43  58  19
43  58  20
43  59  15
43  59  16
43  59  17
43  59  18
43  59  19
43  59  20
44  5  0
44  5  2
44  5  4
44  5  5
44  5  9
44  5  10
44  5  11
44  5  12
44  5  13
44  5  14
44  6  9
44  6  10
44  6  11
44  6  12
44  6  13
44  6  14
44  7  9
44  7  10
44  7  11
44  7  12
44  7  13
44  7  14
44  8  9
44  8  10
44  8  11
44  8  12
44  8  13
44  8  14
44  9  9
44  9  10
44  9  11
44  9  12
44  9  13
44  9  14
44  10  9
44  10  10
44  10  11
44  10  12
44  10  13
44  10  14
44  11  9
44  11  10
44  11  11
44  11  12
44  11  13
44  11  14
44  12  9
44  12  10
44  12  11
44  12  12
44  12  13
44  12  14
44  13  9
44  13  10
44  13  11
44  13  12
44  13  13
44  13  14
44  14  9
44  14  10
44  14  11
44  14  12
44  14  13
44  14  14
44  15  9
44  15  10
44  15  11
44  15  12
44  15  13
44  15  14
44  16  9
44  16  10
44  16  11
44  16  12
44  16  13
44  16  14
44  17  9
44  17  10
44  17  11
44  17  12
44  17  13
44  17  14
44  44  18
44  44  19
44  44  20
44  44  21
44  44  22
44  44  23
44  45  18
44  45  19
44  45  20
44  45  21
44  45  22
44  45  23
44  46  18
44  46  19
44  46  20
44  46  21
44  46  22
44  46  23
44  47  18
44  47  19
44  47  20
44  47  21
44  47  22
44  47  23
44  48  18
44  48  19
44  48  20
44  48  21
44  48  22
44  48  23
44  49  18
44  49  19
44  49  20
44  49  21
44  49  22
44  49  23
44  50  18
44  50  19
44  50  20
44  50  21
44  50  22
44  50  23
44  51  18
44  51  19
44  51  20
44  51  21
44  51  22
44  51  23
44  52  15
44  52  16
44  52  17
44  52  18
44  52  19
44  52  20
44  52  21
44  52  22
44  52  23
44  53  15
44  53  16
44  53  17
44  53  18
44  53  19
44  53  20
44  53  21
44  53  22
44  53  23
44  54  15
44  54  16
44  54  17
44  54  18
44  54  19
44  54  20
44  54  21
44  54  22
44  54  23
44  55  15
44  55  16
44  55  17
44  55  18
44  55  19
44  55  20
44  55  21
44  55  22
44  55  23
44  56  15
44  56  16
44  56  17
44  56  18
44  56  19
44  56  20
44  57  15
44  57  16
44  57  17
44  57  18
44  57  19
44  57  20
44  58  15
44  58  16
44  58  17
44  58  18
44  58  19
44  58  20
44  59  15
44  59  16
44  59  17
44  59  18
44  59  19
44  59  20
45  44  18
45  44  19
45  44  20
45  44  21
45  44  22
45  44  23
45  45  18
45  45  19
45  45  20
45  45  21
45  45  22
45  45  23
45  46  18
45  46  19
45  46  20
45  46  21
45  46  22
45  46  23
45  47  18
45  47  19
45  47  20
45  47  21
45  47  22
45  47  23
45  48  18
45  48  19
45  48  20
45  48  21
45  48  22
45  48  23
45  49  18
45  49  19
45  49  20
45  49  21
45  49  22
45  49  23
45  50  18
45  50  19
45  50  20
45  50  21
45  50  22
45  50  23
45  51  18
45  51  19
45  51  20
45  51  21
45  51  22
45  51  23
45  52  15
45  52  16
45  52  17
45  52  18
45  52  19
45  52  20
45  52  21
45  52  22
45  52  23
45  53  15
45  53  16
45  53  17
45  53  18
45  53  19
45  53  20
45  53  21
45  53  22
45  53  23
45  54  15
45  54  16
45  54  17
45  54  18
45  54  19
45  54  20
45  54  21
45  54  22
45  54  23
45  55  15
45  55  16
45  55  17
45  55  18
45  55  19
45  55  20
45  55  21
45  55  22
45  55  23
45  56  15
45  56  16
45  56  17
45  56  18
45  56  19
45  56  20
45  57  15
45  57  16
45  57  17
45  57  18
45  57  19
45  57  20
45  58  15
45  58  16
45  58  17
45  58  18
45  58  19
45  58  20
45  59  15
45  59  16
45  59  17
45  59  18
45  59  19
45  59  20
46  52  15
46  52  16
46  52  17
46  52  18
46  52  19
46  52  20
46  53  15
46  53  16
46  53  17
46  53  18
46  53  19
46  53  20
46  54  15
46  54  16
46  54  17
46  54  18
46  54  19
46  54  20
46  55  15
46  55  16
46  55  17
46  55  18
46  55  19
46  55  20
46  56  15
46  56  16
46  56  17
46  56  18
46  56  19
46  56  20
46  57  15
46  57  16
46  57  17
46  57  18
46  57  19
46  57  20
46  58  15
46  58  16
46  58  17
46  58  18
46  58  19
46  58  20
46  59  15
46  59  16
46  59  17
46  59  18
46  59  19
46  59  20
