17.84388856603703  -19.352306560481097
15.004497969643795  -54.69607041163014
19.446532925639705  -11.553176981972637
18.202160070737456  -17.177336402444773
13.427332055472755  -106.36095060282699
10.232852678886756  -536.9682436389046
15.605678605368677  -43.22291144312541
16.991661511597385  -25.952719736522333
19.855007870890216  -10.198794981537485
11.448778617825795  -275.6139658913031
14.081073583845182  -80.01916103390897
5.374928175315638  -9123.680482938125
12.760540465456078  -144.24174855789718
8.714293872789204  -1376.283518260641
8.099810013525639  -2090.7906058147323
9.361537461197429  -906.9778402822441
15.598955082379053  -43.33469112563419
12.783382260595786  -142.70775516991145
19.629697900654854  -10.921434749238362
12.829558557411076  -139.66428025954295
10.655420991481384  -422.46916348585637
15.826544725179891  -39.731168797587586
7.189798833784755  -4012.794958688565
11.723840165829676  -239.24315178898786
20.889409539697493  -7.520407194809351
9.182575671573135  -1015.3682017317524
16.095044617560713  -35.92000469883634
3.450551130859395  3057685.0748933423
16.487558206292103  -31.088805098496373
7.568188757740121  -3049.481670910451
14.44496953802711  -68.68036900270508
16.3204439986245  -33.04676511771564
5.036780480744988  -1646.8497543434823
13.092283149602093  -123.71949506191139
17.398023331658006  -22.52349654617432
7.514713077475366  -3169.480229282493
13.789573793873432  -90.6957371888745
6.879918140825137  -5025.234439893919
15.106217476223504  -52.52598445617182
17.064414738277335  -25.29628344178468
15.993737165100365  -37.30565591544412
11.152151064248116  -322.2451359764602
11.463724505856817  -273.4798802342482
15.248890729515464  -49.64899245714082
22.96830221663486  -4.256576381882676
15.570296869780218  -43.81493388396871
16.077264209219198  -36.15879935539366
18.24869480016969  -16.916300329690113
23.5984036266683  -3.618636613066167
13.385239629294068  -108.37811727553634
17.74397223170439  -20.015085426919427
22.98557718574821  -4.237420083791414
24.509994544969654  -2.882633494697132
20.67618262456194  -7.997808467800718
9.02726596482487  -1121.550659523453
6.057552506005378  -8649.505670370316
6.494434943839678  -6595.129673405548
16.77666342429233  -28.011864181724626
13.24139486227336  -115.61570689417903
14.1719247113079  -76.99607734939258
17.62205770524835  -20.859968171607086
8.006908497613756  -2231.225541199149
21.614101376905897  -6.129010318050699
14.662856190446579  -62.78924054339615
5.907968644994063  -9297.15425940427
18.075184711204543  -17.91384965521466
14.726740774756209  -61.1750643565846
22.18819191123566  -5.237109611847957
20.414343807925068  -8.633237824531678
8.862583264207498  -1248.198380568609
21.361626065183394  -6.57661992792628
12.780978618073064  -142.86828051878354
11.074763942074853  -335.8764915831107
12.253247740428499  -183.80747507374656
24.276632369253818  -3.052925572862615
16.012121592218605  -37.04963380169777
28.702093276739543  -1.117857515388353
5.574789667596487  -9983.13418284509
9.12700960732222  -1051.9820740649911
7.874067585577129  -2450.4033282783607
9.11641536084345  -1059.1327103003937
7.615742933566531  -2946.8259086028183
4.978214087851118  1090.046922432002
8.342742441370651  -1767.7466947360283
5.219582771046785  -7025.606527794967
14.556870563529113  -65.57799491593248
14.363574337932276  -71.04465966869464
14.248204729883094  -74.56024666148998
12.825603139130246  -139.92200343255524
18.17192175396969  -17.34947655395032
13.331673345998146  -111.00989967176697
13.939870408147465  -84.99664907699508
13.761025106923318  -91.82793834924152
13.877248900480712  -87.3189646064556
14.310223973678074  -72.64580349285679
10.68363231687871  -415.89035697956655
12.555241500565426  -158.92554340901148
18.11957105144256  -17.652278036481437
11.851112595418293  -224.32051617041722
6.405772740090372  -7000.181754899499
18.334724639630217  -16.445799748972764
11.589043182348465  -256.32113755879425
15.59332044399856  -43.4286275316259
12.092666762802413  -198.87125113605575
19.11731369449668  -12.799110452783125
10.962364799274345  -356.8837633846479
12.05423654307515  -202.68621168203734
14.098643480709093  -79.42388615015305
15.41489404423256  -46.52974579072341
7.52332029447297  -3149.832749456199
9.25789495008544  -968.0386959572664
9.345998309423287  -915.8453864259437
19.447887439265873  -11.548351257430639
15.002913368267093  -54.73069385111911
6.662374380683834  -5869.819775858329
8.97039730013832  -1163.5551637238998
12.560218016615192  -158.5496157222501
12.167899196145656  -191.64193964165776
4.912300197543626  4982.492502512343
6.096239996397144  -8469.658966588539
10.397860174003608  -488.44214163798233
18.547146813859605  -15.347958797144944
17.65424407015663  -20.632937660509672
16.989209334176362  -25.975188909230788
18.226130511629822  -17.04229230208451
23.282766729511316  -3.923104663107502
17.86611051943481  -19.208401159370926
13.975736027432681  -83.69899948002102
14.42646750281934  -69.20964389461778
11.328178744241583  -293.5597465851432
16.913549999241056  -26.6797297438083
13.169714198175177  -119.43162929479371
13.288742443202855  -113.17296770709513
21.796610609200506  -5.827508798450921
12.958095767260012  -131.58220764942615
6.405265603742629  -7002.535383458902
21.119937164143064  -7.04121843843204
10.433620552725396  -478.6053749056185
19.88661157291332  -10.101957761775644
12.781472043226321  -142.83531038138898
23.64892583339042  -3.5725038751552107
14.352659726292387  -71.3688543994067
11.30322283467788  -297.4405888280458
19.282583505305357  -12.15504750768404
17.083585808865465  -25.126543607794858
5.035247373243216  -1582.7655147447394
12.55714363682518  -158.78173311066783
14.688272259269874  -62.141175845959395
22.771583168058108  -4.48200145849816
20.349089046960838  -8.800646979881197
9.567581983944178  -798.2310371679627
13.91949028931707  -85.74445747567603
16.6716656731735  -29.086396199097916
9.367412251463687  -903.6509852196751
4.993383855212649  321.5957779722789
13.089825615872195  -123.85849147136646
17.507062823707013  -21.695243613461642
14.728901961287388  -61.12130895713704
13.543370476827604  -101.02257817140958
19.972200722402576  -9.84504156552165
24.063460343299926  -3.218819243587957
19.641710008536418  -10.881432105856838
13.03324903038044  -127.1092510726677
11.42340549975086  -279.2813528860764
5.7345070379515395  -9853.024328946023
18.226610923545138  -17.039598452839375
9.594922168080464  -784.9577869417385
8.448899521412669  -1644.4143594633708
20.95673243297434  -7.376638368002944
8.385356823134307  -1717.033119284244
12.82967228937862  -139.65687800040786
16.9715664541672  -26.13752012784714
7.166268497550033  -4082.1345058419624
17.885042965430912  -19.086781857069578
14.798657309672343  -59.41547855738514
23.735945362765488  -3.4946434156353523
17.854885760064523  -19.280934125921892
5.00974034318329  -458.97430890971424
19.117170725092006  -12.799684595110106
16.781246420451126  -27.96602700488132
4.690600076747182  27408.649163170525
10.774438064748885  -395.5059005453213
17.82911213276423  -19.448692207657082
19.55239586573754  -11.183008605596264
22.715807089789234  -4.54843082213432
5.288460194603189  -8164.037102125148
11.984666441745532  -209.8109651393157
5.559997889926532  -9966.595264678415
12.491095051846088  -163.86521082982375
7.932535979822717  -2351.1534056459263
19.201148232513574  -12.467557704212547
12.011651195636157  -207.01340667665582
16.56639638251169  -30.212268017968842
14.08949575781523  -79.73316831023786
17.35326234724775  -22.874133751447584
11.567740184479455  -259.14775960870327
6.095171187918635  -8474.668549431268
7.154569295145899  -4117.053497169908
10.906883491332954  -367.81231558658527
8.735332892619462  -1357.2352063089313
11.445788950601038  -276.04316948052946
14.42274121857752  -69.31681326508819
13.605159924821734  -98.30753203051125
9.05297745598708  -1103.1285035660194
12.041523672408301  -203.96689243011988
16.407828635962844  -32.005560263771365
6.180254351280281  -8071.078090704224
14.964458416339946  -55.57881639678395
5.88898669430415  -9371.069871728927
16.37669689577321  -32.37205342216277
9.43356738610907  -867.1369053146624
11.100811156904644  -331.2150797265427
15.127450445729059  -52.085754781283875
8.170697078069416  -1990.209065774222
5.813007141678672  -9638.71549681092
7.279713814976169  -3758.5789706948935
14.538568053838379  -66.07406724985206
16.43847293732483  -31.64952179066724
19.899622168891728  -10.06240379803057
9.733032222355195  -721.663465019742
8.41014865014255  -1688.2805662322394
15.925935376876847  -38.26786532494266
5.777944088064909  -9743.571093123914
18.273743197381386  -16.77770818171745
11.030675691042601  -343.94097849232026
16.983320930065076  -26.029236749046596
9.49113068507147  -836.7360267077316
12.37467727810077  -173.29373741677043
6.280681020902852  -7590.246718793949
8.867670943067544  -1244.0502090050256
9.618996565199755  -773.479549217189
15.719583373646621  -41.379368547093335
5.556260503944841  -9961.469252711026
12.482214366501776  -164.56305760908816
16.708648781529533  -28.702522538207845
10.018052041025076  -608.7165116689002
11.415668781734318  -280.41085113522695
13.440632463086816  -105.73267709937703
16.071116587394403  -36.24179347003795
10.911255330808867  -366.9372229405006
12.629873798810625  -153.39486625308467
6.8068494811516835  -5296.455722687156
11.68647847011474  -243.840606554213
5.840403235696315  -9547.994004638245
14.752696919674856  -60.53307957033077
11.574744072960774  -258.21446260317293
7.413813941226405  -3409.669042821491
10.713574111321519  -409.03735332375754
7.082292999808195  -4339.423214700974
11.829475372678706  -226.7794391877158
14.880146986715134  -57.4924906409488
16.613525431045325  -29.70204612276763
9.471187164370209  -847.1282748049248
15.656584790227372  -42.38740825173081
5.17481033953797  -6064.205522527217
16.710694895606395  -28.681457524505994
17.48247042087886  -21.87889894638388
18.832588881963673  -14.004503958798624
9.195508864489062  -1007.0563490553174
15.02584237927755  -54.23217535324017
10.287535201998542  -520.294775982832
17.47267161546041  -21.952580839356017
18.29527640611249  -16.659623156403832
20.950239087408615  -7.3903644162861655
13.691106883234292  -94.67103079205066
16.037343720476926  -36.701715132916725
19.069293346520293  -12.99365328002751
17.986861237589753  -18.447914515831375
17.64232875179852  -20.71664627722894
8.431183699532216  -1664.308017058541
22.061235372669863  -5.420535383255616
17.568553242192447  -21.243848053269446
17.10605633184779  -24.929278566625978
13.41461707850026  -106.96563780426679
17.11236520023225  -24.874219146990896
7.649044875275726  -2877.1382657055005
19.158788892001454  -12.63381375405292
13.348015935278017  -110.1991568259334
16.906142501564148  -26.749898615462342
14.217647744012385  -75.52507796586747
13.14585395981487  -120.7342162975002
5.270185698124411  -7898.144577632133
21.791383571915993  -5.835899572630009
11.029277795214298  -344.20032532917475
10.295527483265234  -517.9082433424658
7.459387319417871  -3298.897942803401
19.280983941202095  -12.161097269878095
16.09585566362138  -35.90915610072563
17.99584044888666  -18.392780079203455
15.161573580502985  -51.38724581486543
19.844064259495052  -10.232579502864562
13.742768810416766  -92.56058776661376
10.904303093766131  -368.32995757909714
12.420494493208288  -169.50966265925103
12.746887257444873  -145.1678216626041
12.298189778595365  -179.8320405774338
13.540404894176065  -101.15506741174137
15.388629494015966  -47.00770784533623
18.191795931215722  -17.236111856905563
12.690441162238388  -149.07062108654912
6.674975919840708  -5817.8770048092
20.369609339701327  -8.74759788244524
9.67486018498034  -747.579870674251
18.23311164227758  -17.003195275223966
8.297076491076693  -1823.9601344954744
19.938991637064184  -9.94381111622883
9.674392718751186  -747.7924236806914
12.940356752980335  -132.66455777716425
17.179791146416466  -24.294542384228304
13.132970724479728  -121.444415398111
5.511233150049575  -9867.262639432152
10.814222458730722  -386.9410082561791
12.999312330787436  -129.1068100994514
20.959040185347817  -7.371767257993893
18.967797782899314  -13.41630159899461
13.19524861301257  -118.05572923381503
15.680945851252327  -41.99424910401309
17.113876316402052  -24.861052234251073
13.373065716885886  -108.96980051978547
20.12252408473207  -9.412024657425617
25.041665907490934  -2.5343885346594854
20.9348220287048  -7.423073497404065
17.16247226710254  -24.44191943235815
15.766509779149086  -40.64663904034125
10.532921820314508  -452.4688854880125
20.876966804834225  -7.547335325371552
10.851415883391777  -379.1276461759367
8.80904426097195  -1292.8160653754626
23.676242543026568  -3.54784640718598
11.919573439977349  -216.74202544520074
10.889352670109957  -371.3457596496157
19.297824360297774  -12.09758031006883
11.873570398087619  -221.8010376466231
19.226400951146886  -12.369657751103432
17.598690527621248  -21.026617658666872
25.592212252188986  -2.2243795342960495
18.921942862779293  -13.612496640706862
8.597331702093049  -1487.8522350106653
19.49827214700667  -11.370504762420042
20.36821860802931  -8.751181399090333
7.9064971641829835  -2394.799947361061
12.993576374653388  -129.4480343576389
16.287000897911412  -33.455659751132785
22.149285962946752  -5.292540152696405
20.899583384633793  -7.498472574112591
14.44164031772676  -68.77525677194774
12.526783974044722  -161.0952584082246
14.911477602503375  -56.77252599621562
7.885478678427879  -2430.678651232779
13.172853854173592  -119.26144894159184
8.288648295699833  -1834.5518540967478
13.51842579023847  -102.14332950863407
13.466581264409738  -104.5193264046497
16.821826495553577  -27.56395550763611
10.949518818685739  -359.3802686914617
11.412046456990831  -280.9415029127306
15.023869786197821  -54.2748544517619
14.161298027196246  -77.3427228253336
12.614140341102408  -154.5419330216826
9.719389106579827  -727.6476655742042
17.17898651913428  -24.301366459241066
13.228622341329915  -116.28513924660518
12.868391016334726  -137.16318942433622
10.953510823762896  -358.60229598976207
14.353134993698648  -71.3547017714734
7.270894304306628  -3782.7747398050788
14.725434037767757  -61.2075936783213
10.326089524089046  -508.89816257733656
13.130470852603704  -121.58278566483011
10.839366199463381  -381.63878400057104
7.9867311371443925  -2263.0830079748207
6.634929127338088  -5984.193647519744
17.066046605841585  -25.28178300093692
12.158319790695325  -192.54526935004836
13.95926913844369  -84.29189923404223
7.092295599370627  -4307.959101913522
14.644994209752946  -63.24940367391927
18.23428433658674  -16.996638001293036
18.97882942366522  -13.369594982575574
24.0388428204937  -3.2386461715080754
20.836217159331344  -7.636314964130037
21.56842342489507  -6.207292369422465
23.396396828293163  -3.810173655167419
10.36106048172647  -498.8095979687103
11.672097665448803  -245.63749387358274
21.08004494838803  -7.121532821204687
15.648182533286683  -42.524004964994496
19.355159859989886  -11.88421096871288
14.701719627953468  -61.801446347735514
20.857772865251288  -7.589095071749965
11.790200918693463  -231.32317816673728
24.249208830737192  -3.073698035483207
20.504712127215694  -8.407495559256013
21.33342483475782  -6.628946813688575
16.460131390752373  -31.400669021879853
11.010706466758288  -347.66740050976364
24.031531627793893  -3.244562014293953
19.313095401841565  -12.04031689201876
13.547614943515695  -100.83330542180668
12.473466034269414  -165.25388619536199
17.14545994949062  -24.587703789743177
11.889092138893801  -220.07890640222305
9.976719439801329  -623.7591717728255
12.905548121694014  -134.81867625885766
13.394557679948495  -107.92776279029655
12.952967409526416  -131.89405596930754
13.634158178484359  -97.062695221599
9.448280810871493  -859.24751952564
15.320849428683575  -48.26784820527211
14.132771450255552  -78.28229646576028
7.052564556445419  -4434.263095036742
11.887096863031248  -220.2994090107047
9.622707587812686  -771.7274050004917
7.096122066224801  -4295.981661232237
20.688948234009487  -7.96825088325833
5.092279053994304  -3724.820542154217
12.607025466830239  -155.06392628233584
4.726818017433344  22464.73872054044
16.240309749125906  -34.03644158249299
12.174169883455216  -191.05328728201073
16.477296818892185  -31.205060227036036
11.835309956954454  -226.11330815463452
9.046217335238948  -1107.9384631322546
12.726203830104003  -146.58395415804083
14.793815531943386  -59.532074134933836
5.310848403178862  -8457.639972811812
16.160140921805613  -35.06129725383154
5.18659335566429  -6336.091361341789
18.37805347133292  -16.21462083437746
16.7492362993561  -28.28801670316356
19.510660637332133  -11.327266824689216
19.353663798058196  -11.889722378780029
20.274942655535895  -8.995483470217158
16.14929158550433  -35.202738257846974
16.24466901168248  -33.98172279428595
21.836720367939535  -5.763588285951704
5.291644150062105  -8207.89960667788
6.063932271710902  -8620.07843623442
19.10576446509676  -12.84558727148578
10.18408008658446  -552.3620187773453
20.054301339976025  -9.605732055025438
9.478888741410062  -843.0976591639551
16.280337949500844  -33.53782787190195
10.038791750964721  -601.326280999408
22.183479912207183  -5.243786776795652
20.249565054058454  -9.063321465626421
21.5730972986513  -6.199229022038819
10.842380808800662  -381.0087411309053
12.346055751311155  -175.70746010424136
21.056571319772548  -7.169291236557828
16.136785692123443  -35.36660168811543
10.411831935152955  -484.57130680662146
16.053479832571952  -36.48112854847665
13.319890742655044  -111.59873503420579
17.34745915141849  -22.920057916524986
6.165281350249125  -8142.619867541898
5.662502662997061  -9972.939948118763
18.113998677211516  -17.684870691608754
17.418620164113502  -22.364258486199034
23.094697293185927  -4.118714101382091
12.490063159110214  -163.94612026195512
14.766890547377905  -60.18534414135497
19.390784528267893  -11.753847790823128
11.807937254320931  -229.25825418871935
16.752372391935644  -28.256280444662334
16.845017423387006  -27.33720537767961
17.219381014917335  -23.961522503356726
19.158500625504846  -12.634953997063885
10.721282836349967  -407.2942183301259
15.829695921236683  -39.68378418027101
9.23807718704983  -980.2427645108166
9.924129505204379  -643.5223276829331
20.20478124240036  -9.184496382761518
5.91791902250952  -9257.464109363453
15.485501535259772  -45.27265721490384
18.16480213049091  -17.390299141373827
11.247935764307266  -306.25212607985253
7.240527319131394  -3867.30369478985
15.593620504911762  -43.42361916423812
8.761439849592215  -1334.0121888922538
7.061787051205022  -4404.628216705624
19.69963589535921  -10.69091065635701
18.721540197180055  -14.510184709251257
26.122763904778616  -1.9667262318321388
13.241369060190753  -115.61705470094228
17.734246841123234  -20.080999802403724
22.820104302065435  -4.425131832385416
9.097759262198245  -1071.8599738030578
18.98535991624588  -13.342035048707324
22.574624894059145  -4.721777148780847
17.114468438307973  -24.855895074120166
21.846416804819672  -5.748258649868787
10.703047549193766  -411.43163926341083
18.289469666490014  -16.691370761583233
4.514003661223672  62567.96850858335
13.313875533251604  -111.90074677703915
23.340927222891434  -3.8648213408908414
7.406726235236155  -3427.2427517291326
15.811467316960819  -39.95880303930407
22.211043070169673  -5.204868595009134
13.846290534919241  -88.49431208515126
13.33568785440382  -110.8101014759645
13.970211173417935  -83.89738183516654
13.289757754395593  -113.1212479876591
14.243016930301236  -74.72303382616589
14.70257234751933  -61.77997662418089
21.72357458035075  -5.946038391809478
7.172498084479313  -4063.661406820519
16.001675722535072  -37.19485109449103
20.820646663652244  -7.670636917055759
8.65246726646044  -1434.0338548639866
16.134655280597308  -35.39460482034931
17.069812117696596  -25.24836040639652
17.843260420779455  -19.356392553916695
16.98276258515929  -26.034368427953076
12.451845513575499  -166.9757105052947
11.577718647134958  -257.8192694252676
7.3765602174759355  -3503.0995367284195
6.405554293153511  -7001.1955242334625
20.031593450993924  -9.671236206673926
9.601522587749432  -781.791475659062
10.791416196578352  -391.82422214521955
16.8055917799845  -27.723996439881603
10.903221019896106  -368.5472787197918
11.11087716818202  -329.43379051412825
15.417202147390368  -46.48801440306431
14.174080081960085  -76.9259895247459
5.204372811855624  -6720.406809869841
11.442192012517332  -276.5605828523814
8.631570902785281  -1454.1680426066841
15.022575476493294  -54.302879455627554
17.913143198142887  -18.907921710836522
13.255314347335101  -114.89126306643905
10.784804701225893  -393.2531752555353
17.56582787593715  -21.263621299300286
17.435550354524125  -22.23435045190028
6.38114401661796  -7114.91030759973
17.435528089800815  -22.23452071382389
6.156936895260077  -8182.4235758384
17.343764487190448  -22.949352028388642
12.776892987490536  -143.14161845908524
13.358537876441053  -109.68081978622739
18.75741047211197  -14.344548919900244
5.203344232081378  -6698.997239009756
9.628335847089987  -769.0787394135325
10.732061804269325  -404.8712242300147
20.1086293509858  -9.451104217047416
16.730721310752536  -28.47623179487998
25.11901584916818  -2.48792499234424
9.506050923465832  -829.0569087791384
11.074852744584327  -335.8604707761398
11.109738459548215  -329.6347390969526
14.114599209224064  -78.88776560145513
12.012105007297684  -206.96673121689338
6.325421546489731  -7377.332953969764
18.804517424674014  -14.130364381412999
12.556485251981643  -158.83149291247352
5.1952328102219605  -6526.648904518568
13.842631888333436  -88.63442806519352
10.334363231042573  -506.49020383956764
16.401069882963416  -32.08471364372237
15.013687943092899  -54.495772699150116
9.896625390441406  -654.1451091891846
16.40272911467578  -32.065260863794784
7.425394418199501  -3381.15770534055
9.771979534311347  -704.8892351580437
7.726115300647518  -2722.5566319267014
19.62601030797159  -10.933749541227789
12.542255790204466  -159.91138129522437
23.977591479656294  -3.288599359469601
18.744709106425912  -14.40294572346031
11.995468833773327  -208.68581984195342
11.101305023034332  -331.12742470123226
21.036645883512893  -7.21012401793881
8.29278076234259  -1829.3500222531338
17.603378845588683  -20.993057476958437
16.88389158018132  -26.961972226786997
5.312003042636351  -8471.86613900959
19.456479740719068  -11.517794176084521
15.274461608912672  -49.152984378987576
24.813413000950337  -2.6775150398053595
20.279848292089184  -8.982438406158161
5.4438173557881715  -9597.25906501645
21.838775618450377  -5.760335047202911
15.93512956888227  -38.13570472570063
7.272964411983664  -3777.081304106819
12.529463089831863  -160.88952905702277
22.378853548122184  -4.975067598332766
19.2892264186322  -12.129960666144969
27.196632156507675  -1.544445130753837
17.24395689932599  -23.757474492975792
21.568453494009397  -6.20724045522462
9.04001249591904  -1112.3743758566256
15.109457506849491  -52.45852832335166
17.566508365923813  -21.25868215639284
18.976275129403522  -13.380392656547071
13.461508958543593  -104.75522415448924
15.87348011140426  -39.03216996340663
6.0996466615533205  -8453.678080959608
11.194121502823378  -315.12102604235884
6.814581213674169  -5267.157070337714
18.836831100610176  -13.9855976087914
15.119651514151156  -52.246950863415805
4.76306040921853  18099.54620028468
14.4776820889137  -67.75608024160645
11.554232064746634  -260.9588564889919
16.324789776192414  -32.99406008263881
16.61267913584313  -29.711119144398488
20.63880724939376  -8.085085882398458
5.218176771999821  -6998.274692156383
15.770793013131543  -40.58051527614269
5.329022715450434  -8671.602417301441
16.893010883138732  -26.874819872226038
8.679447255044874  -1408.5022284639288
11.154183144380376  -321.8959346430603
9.110380544071482  -1063.2307249611645
17.11945505983277  -24.812512925150575
17.764462158733842  -19.877037854486385
17.518467491034567  -21.61068447418446
7.060549768659427  -4408.592838111298
11.477726739800657  -271.4979209318063
16.158332245086275  -35.08483058533535
11.394698665985246  -283.4990764172369
5.728379036095198  -9866.417279646323
14.609207400711135  -64.18322657328576
11.72331002938064  -239.30767849204213
17.531570332395248  -21.514008373769666
20.824458606300983  -7.662217668297354
7.939816282652383  -2339.106615177983
17.827380874903408  -19.46002168215832
12.045686043166507  -203.54654688961375
12.56624250377562  -158.09590723292413
13.951279756280337  -84.58132341988694
20.307077850319928  -8.910429506846583
22.981323569653554  -4.2421275901545075
21.43749852306774  -6.438214674795357
5.7878527059063245  -9715.321845880837
16.240998501977757  -34.02778931774484
20.15857935727265  -9.311493571897186
12.133035700690785  -194.9534119628113
10.487689907798472  -464.1638791103095
17.77287891944484  -19.82065325619303
16.048463452719407  -36.54953831649092
20.71250254379098  -7.914046862261737
14.436096078558617  -68.93361512746795
23.249579164385896  -3.956821628781108
13.404945684040136  -107.42826236929837
16.46304614366782  -31.367353375746838
10.275715571649798  -523.8474944089915
14.209563180268917  -75.78277495338631
5.152492827842783  -5509.496516503978
13.535714346023223  -101.36503390221087
19.427735435347778  -11.62039020259918
11.274139686936383  -302.038585170416
8.945268846905948  -1182.6839669678534
18.865628879926945  -13.858038267183634
10.921461435203339  -364.90368266842586
17.975610722935237  -18.517267564055977
9.419004506985347  -875.0274375840434
20.149406534839326  -9.336950393627765
17.748367426454884  -19.985379556290695
9.134109607034949  -1047.2207293613733
6.787720387294746  -5369.55292130667
11.235378859846369  -308.2953958001704
14.390030305086151  -70.26593752124091
17.80330781030712  -19.61835789352995
17.032239398612145  -25.58417737004114
5.117271847049544  -4519.8576034661155
14.284917520525466  -73.41997687454845
12.761007242090063  -144.21020964931324
9.305492002013057  -939.4310622433646
5.529190401639137  -9912.285493564157
17.615574013382926  -20.906053513389438
11.391925453351535  -283.910429636151
21.38958580056426  -6.525216187855015
24.732994843788113  -2.7301727655801344
15.77807482383707  -40.46838765153046
21.754309559334352  -5.895819310021409
14.135988429489576  -78.17567691481216
23.855027760505095  -3.3912798899749914
12.663359963825037  -150.9863306710023
17.045907255702904  -25.46141772705126
19.493918100606717  -11.385746823987077
19.367668310157768  -11.838246953086921
10.695526448794784  -413.1522661063994
15.49654200492664  -45.079693491477414
11.885930945338055  -220.4283761299547
25.71545453307958  -2.1611818926554762
17.62873181233671  -20.812653079713993
15.508311892043787  -44.875036106409254
6.957391851164818  -4751.4537414089245
20.897354273290922  -7.503272105390074
15.875374457735825  -39.00426025651105
21.56054460286988  -6.22091259238244
12.916890015210303  -134.11234703560677
12.309646925851963  -178.8346275350765
16.989566409152115  -25.971915639301397
18.159226415427945  -17.42234748169336
9.798761199207174  -693.6148083163666
20.141500689539548  -9.358956200494482
4.903497668163853  5577.349697208707
21.53397915201949  -6.267094273707384
16.745453583352774  -28.326351904059795
10.305671465068029  -514.897388926411
20.27776924283819  -8.987964315793503
15.572325950309965  -43.78072797857053
7.387993074664581  -3474.14661381475
18.63706317127642  -14.909160462672865
10.720026042951304  -407.57782304186827
5.4192357762467624  -9453.681385846585
9.215646118206166  -994.2688878000773
19.45951188793173  -11.507033372539853
16.661526796804623  -29.19267811854096
24.480446934426265  -2.9035708958483135
18.867959647640653  -13.84777365700576
10.723405539345823  -406.81573334944113
17.11119372988361  -24.88443219635339
15.424793110503987  -46.35107426315422
5.46249826633619  -9689.335388353702
15.68553939200491  -41.92059195751756
17.981465661625823  -18.481137310380355
8.027683248845612  -2198.9402068348136
14.564138614898512  -65.38220605873158
6.186363950475322  -8041.850606213735
15.298678781890592  -48.68855256411746
16.814748675707047  -27.633595449822124
7.806706937309513  -2570.456787280372
16.655678976753876  -29.254184454572517
18.370593123350027  -16.254153694297784
6.733733419416059  -5580.517319045571
10.346433634645555  -503.00083538258906
12.222571042332229  -186.57975117471977
17.189419588516014  -24.21305631632834
19.80289987384317  -10.360834405259366
22.604297627400747  -4.684713574245371
13.571234819401022  -99.78754101615256
22.59685723407677  -4.693975230828158
9.58588794529339  -789.3155300317937
12.93421122147137  -133.04194305972823
21.657307878297  -6.0560217630104365
13.258754954786012  -114.71301106916167
16.336641865901832  -32.85081685443121
11.92842425168229  -215.78413942895943
17.298047481009263  -23.31546825961945
19.757549053773637  -10.504309516883087
14.424985952696227  -69.25223070972545
10.924466835563338  -364.3073551176418
14.072181120473152  -80.32242133245991
12.567758220747466  -157.98199540426813
11.409637605087894  -281.2950324540366
20.014089451636305  -9.72208477261109
16.32851356009543  -32.94897646574573
17.992117569360936  -18.41561606775721
16.608418764795022  -29.756843146330816
8.293759998381498  -1828.1198029209786
9.552153724746798  -805.834886889448
19.34705335270581  -11.914110614509923
16.101855675119904  -35.82901816416518
23.42620723972667  -3.7811775632588533
16.54664047407153  -30.429181822159943
18.52862528561836  -15.44020597822907
9.489157454663841  -837.7577009988762
10.151094827673653  -563.0618029917086
11.210183024295574  -312.4431723219109
10.256695436420245  -529.6235118817958
13.422081169108532  -106.61018370057322
10.82030020208439  -385.65157740089654
19.172576671905865  -12.57941585303462
14.887724879737126  -57.31738290508123
23.526210146607777  -3.68576941596524
10.047812830204586  -598.1440999639733
16.56400198633696  -30.23846150591511
19.622396276683954  -10.945834391839318
22.07362956201261  -5.402301904674396
12.873614146509674  -136.83077472076437
10.34836319302601  -502.44560838702773
16.620503135641858  -29.627362056518297
20.147203532311035  -9.34307634781218
6.075169795424903  -8568.009749420344
21.359419966302198  -6.580695890394888
